<?xml version="1.0" encoding="UTF-8"?>
<testng-results ignored="0" total="1" passed="1" failed="0" skipped="0">
  <reporter-output>
  </reporter-output>
  <suite started-at="2025-04-17T16:37:52 IST" name="Default suite" finished-at="2025-04-17T16:38:01 IST" duration-ms="8981">
    <groups>
    </groups>
    <test started-at="2025-04-17T16:37:52 IST" name="Default test" finished-at="2025-04-17T16:38:01 IST" duration-ms="8981">
      <class name="Login_PropertyFileTest">
        <test-method signature="logintc()[pri:0, instance:Login_PropertyFileTest@6cf0e0ba]" started-at="2025-04-17T16:37:52 IST" name="logintc" finished-at="2025-04-17T16:38:01 IST" duration-ms="8880" status="PASS">
          <reporter-output>
          </reporter-output>
        </test-method> <!-- logintc -->
      </class> <!-- Login_PropertyFileTest -->
    </test> <!-- Default test -->
  </suite> <!-- Default suite -->
</testng-results>
