<?xml version="1.0" encoding="UTF-8"?>
<testng-results ignored="0" total="2" passed="2" failed="0" skipped="0">
  <reporter-output>
  </reporter-output>
  <suite started-at="2025-05-13T12:33:25 IST" name="Default suite" finished-at="2025-05-13T12:33:25 IST" duration-ms="172">
    <groups>
    </groups>
    <test started-at="2025-05-13T12:33:25 IST" name="Default test" finished-at="2025-05-13T12:33:25 IST" duration-ms="172">
      <class name="practice_test.SampleReports">
        <test-method is-config="true" signature="configBs()[pri:0, instance:practice_test.SampleReports@3c3d9b6b]" started-at="2025-05-13T12:33:24 IST" name="configBs" finished-at="2025-05-13T12:33:25 IST" duration-ms="463" status="PASS">
          <reporter-output>
          </reporter-output>
        </test-method> <!-- configBs -->
        <test-method signature="createContact()[pri:0, instance:practice_test.SampleReports@3c3d9b6b]" started-at="2025-05-13T12:33:25 IST" name="createContact" finished-at="2025-05-13T12:33:25 IST" duration-ms="78" status="PASS">
          <reporter-output>
          </reporter-output>
        </test-method> <!-- createContact -->
        <test-method signature="createContactWithPhone()[pri:0, instance:practice_test.SampleReports@3c3d9b6b]" started-at="2025-05-13T12:33:25 IST" name="createContactWithPhone" finished-at="2025-05-13T12:33:25 IST" duration-ms="5" status="PASS">
          <reporter-output>
          </reporter-output>
        </test-method> <!-- createContactWithPhone -->
        <test-method is-config="true" signature="configAs()[pri:0, instance:practice_test.SampleReports@3c3d9b6b]" started-at="2025-05-13T12:33:25 IST" name="configAs" finished-at="2025-05-13T12:33:26 IST" duration-ms="521" status="PASS">
          <reporter-output>
          </reporter-output>
        </test-method> <!-- configAs -->
      </class> <!-- practice_test.SampleReports -->
    </test> <!-- Default test -->
  </suite> <!-- Default suite -->
</testng-results>
